# JRE version: OpenJDK Runtime Environment (15.0) (slowdebug build 15-internal+0-adhoc.martynas.jdk)
# Java VM: OpenJDK 64-Bit Server VM (slowdebug 15-internal+0-adhoc.martynas.jdk, mixed mode, tiered, compressed oops, serial gc, linux-amd64)
Heap:
 def new generation   total 9792K, used 2488K [0x00000000e0000000, 0x00000000e0aa0000, 0x00000000eaaa0000)
  eden space 8704K,  21% used [0x00000000e0000000, 0x00000000e01d86f8, 0x00000000e0880000)
  from space 1088K,  54% used [0x00000000e0880000, 0x00000000e0915960, 0x00000000e0990000)
  to   space 1088K,   0% used [0x00000000e0990000, 0x00000000e0990000, 0x00000000e0aa0000)
 tenured generation   total 21888K, used 1067K [0x00000000eaaa0000, 0x00000000ec000000, 0x0000000100000000)
   the space 21888K,   4% used [0x00000000eaaa0000, 0x00000000eabaadd8, 0x00000000eabaae00, 0x00000000ec000000)
 Metaspace       used 8564K, capacity 8862K, committed 8960K, reserved 1056768K
  class space    used 852K, capacity 990K, committed 1024K, reserved 1048576K
GC Heap History (8 events):
Event: 1.825 GC heap before
{Heap before GC invocations=0 (full 0):
 def new generation   total 9792K, used 8704K [0x00000000e0000000, 0x00000000e0aa0000, 0x00000000eaaa0000)
  eden space 8704K, 100% used [0x00000000e0000000, 0x00000000e0880000, 0x00000000e0880000)
  from space 1088K,   0% used [0x00000000e0880000, 0x00000000e0880000, 0x00000000e0990000)
  to   space 1088K,   0% used [0x00000000e0990000, 0x00000000e0990000, 0x00000000e0aa0000)
 tenured generation   total 21888K, used 0K [0x00000000eaaa0000, 0x00000000ec000000, 0x0000000100000000)
   the space 21888K,   0% used [0x00000000eaaa0000, 0x00000000eaaa0000, 0x00000000eaaa0200, 0x00000000ec000000)
 Metaspace       used 7631K, capacity 7777K, committed 8064K, reserved 1056768K
  class space    used 735K, capacity 798K, committed 896K, reserved 1048576K
}
Event: 1.876 GC heap after
{Heap after GC invocations=1 (full 0):
 def new generation   total 9792K, used 1072K [0x00000000e0000000, 0x00000000e0aa0000, 0x00000000eaaa0000)
  eden space 8704K,   0% used [0x00000000e0000000, 0x00000000e0000000, 0x00000000e0880000)
  from space 1088K,  98% used [0x00000000e0990000, 0x00000000e0a9c3b0, 0x00000000e0aa0000)
  to   space 1088K,   0% used [0x00000000e0880000, 0x00000000e0880000, 0x00000000e0990000)
 tenured generation   total 21888K, used 0K [0x00000000eaaa0000, 0x00000000ec000000, 0x0000000100000000)
   the space 21888K,   0% used [0x00000000eaaa0000, 0x00000000eaaa0000, 0x00000000eaaa0200, 0x00000000ec000000)
 Metaspace       used 7631K, capacity 7777K, committed 8064K, reserved 1056768K
  class space    used 735K, capacity 798K, committed 896K, reserved 1048576K
}
Event: 2.158 GC heap before
{Heap before GC invocations=1 (full 0):
 def new generation   total 9792K, used 9776K [0x00000000e0000000, 0x00000000e0aa0000, 0x00000000eaaa0000)
  eden space 8704K, 100% used [0x00000000e0000000, 0x00000000e0880000, 0x00000000e0880000)
  from space 1088K,  98% used [0x00000000e0990000, 0x00000000e0a9c3b0, 0x00000000e0aa0000)
  to   space 1088K,   0% used [0x00000000e0880000, 0x00000000e0880000, 0x00000000e0990000)
 tenured generation   total 21888K, used 0K [0x00000000eaaa0000, 0x00000000ec000000, 0x0000000100000000)
   the space 21888K,   0% used [0x00000000eaaa0000, 0x00000000eaaa0000, 0x00000000eaaa0200, 0x00000000ec000000)
 Metaspace       used 7658K, capacity 7845K, committed 8064K, reserved 1056768K
  class space    used 735K, capacity 798K, committed 896K, reserved 1048576K
}
Event: 2.211 GC heap after
{Heap after GC invocations=2 (full 0):
 def new generation   total 9792K, used 18K [0x00000000e0000000, 0x00000000e0aa0000, 0x00000000eaaa0000)
  eden space 8704K,   0% used [0x00000000e0000000, 0x00000000e0000000, 0x00000000e0880000)
  from space 1088K,   1% used [0x00000000e0880000, 0x00000000e0884960, 0x00000000e0990000)
  to   space 1088K,   0% used [0x00000000e0990000, 0x00000000e0990000, 0x00000000e0aa0000)
 tenured generation   total 21888K, used 1067K [0x00000000eaaa0000, 0x00000000ec000000, 0x0000000100000000)
   the space 21888K,   4% used [0x00000000eaaa0000, 0x00000000eabaadd8, 0x00000000eabaae00, 0x00000000ec000000)
 Metaspace       used 7658K, capacity 7845K, committed 8064K, reserved 1056768K
  class space    used 735K, capacity 798K, committed 896K, reserved 1048576K
}
Event: 2.317 GC heap before
{Heap before GC invocations=2 (full 0):
 def new generation   total 9792K, used 8722K [0x00000000e0000000, 0x00000000e0aa0000, 0x00000000eaaa0000)
  eden space 8704K, 100% used [0x00000000e0000000, 0x00000000e0880000, 0x00000000e0880000)
  from space 1088K,   1% used [0x00000000e0880000, 0x00000000e0884960, 0x00000000e0990000)
  to   space 1088K,   0% used [0x00000000e0990000, 0x00000000e0990000, 0x00000000e0aa0000)
 tenured generation   total 21888K, used 1067K [0x00000000eaaa0000, 0x00000000ec000000, 0x0000000100000000)
   the space 21888K,   4% used [0x00000000eaaa0000, 0x00000000eabaadd8, 0x00000000eabaae00, 0x00000000ec000000)
 Metaspace       used 7658K, capacity 7845K, committed 8064K, reserved 1056768K
  class space    used 735K, capacity 798K, committed 896K, reserved 1048576K
}
Event: 2.325 GC heap after
{Heap after GC invocations=3 (full 0):
 def new generation   total 9792K, used 22K [0x00000000e0000000, 0x00000000e0aa0000, 0x00000000eaaa0000)
  eden space 8704K,   0% used [0x00000000e0000000, 0x00000000e0000000, 0x00000000e0880000)
  from space 1088K,   2% used [0x00000000e0990000, 0x00000000e09959e8, 0x00000000e0aa0000)
  to   space 1088K,   0% used [0x00000000e0880000, 0x00000000e0880000, 0x00000000e0990000)
 tenured generation   total 21888K, used 1067K [0x00000000eaaa0000, 0x00000000ec000000, 0x0000000100000000)
   the space 21888K,   4% used [0x00000000eaaa0000, 0x00000000eabaadd8, 0x00000000eabaae00, 0x00000000ec000000)
 Metaspace       used 7658K, capacity 7845K, committed 8064K, reserved 1056768K
  class space    used 735K, capacity 798K, committed 896K, reserved 1048576K
}
Event: 2.652 GC heap before
{Heap before GC invocations=3 (full 0):
 def new generation   total 9792K, used 8726K [0x00000000e0000000, 0x00000000e0aa0000, 0x00000000eaaa0000)
  eden space 8704K, 100% used [0x00000000e0000000, 0x00000000e0880000, 0x00000000e0880000)
  from space 1088K,   2% used [0x00000000e0990000, 0x00000000e09959e8, 0x00000000e0aa0000)
  to   space 1088K,   0% used [0x00000000e0880000, 0x00000000e0880000, 0x00000000e0990000)
 tenured generation   total 21888K, used 1067K [0x00000000eaaa0000, 0x00000000ec000000, 0x0000000100000000)
   the space 21888K,   4% used [0x00000000eaaa0000, 0x00000000eabaadd8, 0x00000000eabaae00, 0x00000000ec000000)
 Metaspace       used 8032K, capacity 8255K, committed 8320K, reserved 1056768K
  class space    used 783K, capacity 893K, committed 896K, reserved 1048576K
}
Event: 2.688 GC heap after
{Heap after GC invocations=4 (full 0):
 def new generation   total 9792K, used 598K [0x00000000e0000000, 0x00000000e0aa0000, 0x00000000eaaa0000)
  eden space 8704K,   0% used [0x00000000e0000000, 0x00000000e0000000, 0x00000000e0880000)
  from space 1088K,  54% used [0x00000000e0880000, 0x00000000e0915960, 0x00000000e0990000)
  to   space 1088K,   0% used [0x00000000e0990000, 0x00000000e0990000, 0x00000000e0aa0000)
 tenured generation   total 21888K, used 1067K [0x00000000eaaa0000, 0x00000000ec000000, 0x0000000100000000)
   the space 21888K,   4% used [0x00000000eaaa0000, 0x00000000eabaadd8, 0x00000000eabaae00, 0x00000000ec000000)
 Metaspace       used 8032K, capacity 8255K, committed 8320K, reserved 1056768K
  class space    used 783K, capacity 893K, committed 896K, reserved 1048576K
}

